<?xml version="1.0" encoding="UTF-8"?>
<testsuite xmlns:xsi="http://www.w3.org/2001/XMLSchema-instance" xsi:noNamespaceSchemaLocation="https://maven.apache.org/surefire/maven-surefire-plugin/xsd/surefire-test-report.xsd" name="com.jdriven.gateway.TravelGatewayApplicationTest" time="40.5" tests="3" errors="0" skipped="0" failures="0">
  <properties>
[...]
</properties>
  <testcase name="testGetHomeAuthenticated" classname="com.jdriven.gateway.TravelGatewayApplicationTest" time="3.415"/>
  <testcase name="testGetIndexAnonymously" classname="com.jdriven.gateway.TravelGatewayApplicationTest" time="0.353"/>
  <testcase name="testGetIndexAuthenticated" classname="com.jdriven.gateway.TravelGatewayApplicationTest" time="0.212"/>
</testsuite>